2023-06-05 20:36:59,291:WARNING:
'cuml' is a soft dependency and not included in the pycaret installation. Please run: `pip install cuml` to install.
2023-06-05 20:36:59,291:WARNING:
'cuml' is a soft dependency and not included in the pycaret installation. Please run: `pip install cuml` to install.
2023-06-05 20:36:59,291:WARNING:
'cuml' is a soft dependency and not included in the pycaret installation. Please run: `pip install cuml` to install.
2023-06-05 20:36:59,291:WARNING:
'cuml' is a soft dependency and not included in the pycaret installation. Please run: `pip install cuml` to install.
2023-06-05 20:36:59,311:WARNING:
'prophet' is a soft dependency and not included in the pycaret installation. Please run: `pip install prophet` to install.
2023-06-05 20:37:00,197:INFO:PyCaret ClusteringExperiment
2023-06-05 20:37:00,198:INFO:Logging name: cluster-default-name
2023-06-05 20:37:00,198:INFO:ML Usecase: MLUsecase.CLUSTERING
2023-06-05 20:37:00,198:INFO:version 3.0.2
2023-06-05 20:37:00,198:INFO:Initializing setup()
2023-06-05 20:37:00,198:INFO:self.USI: 53d8
2023-06-05 20:37:00,198:INFO:self._variable_keys: {'html_param', 'pipeline', 'exp_id', '_available_plots', 'idx', 'log_plots_param', 'X', 'gpu_n_jobs_param', 'USI', 'logging_param', 'exp_name_log', '_ml_usecase', 'gpu_param', 'n_jobs_param', 'data', 'memory', 'seed'}
2023-06-05 20:37:00,198:INFO:Checking environment
2023-06-05 20:37:00,198:INFO:python_version: 3.8.13
2023-06-05 20:37:00,198:INFO:python_build: ('default', 'Mar 28 2022 06:59:08')
2023-06-05 20:37:00,198:INFO:machine: AMD64
2023-06-05 20:37:00,198:INFO:platform: Windows-10-10.0.22000-SP0
2023-06-05 20:37:00,198:INFO:Memory: svmem(total=8501751808, available=3617705984, percent=57.4, used=4884045824, free=3617705984)
2023-06-05 20:37:00,198:INFO:Physical Core: 6
2023-06-05 20:37:00,198:INFO:Logical Core: 6
2023-06-05 20:37:00,198:INFO:Checking libraries
2023-06-05 20:37:00,198:INFO:System:
2023-06-05 20:37:00,198:INFO:    python: 3.8.13 (default, Mar 28 2022, 06:59:08) [MSC v.1916 64 bit (AMD64)]
2023-06-05 20:37:00,199:INFO:executable: c:\Users\nieds\anaconda3\envs\Pycaret\python.exe
2023-06-05 20:37:00,199:INFO:   machine: Windows-10-10.0.22000-SP0
2023-06-05 20:37:00,199:INFO:PyCaret required dependencies:
2023-06-05 20:37:00,199:INFO:                 pip: 22.1.2
2023-06-05 20:37:00,199:INFO:          setuptools: 61.2.0
2023-06-05 20:37:00,199:INFO:             pycaret: 3.0.2
2023-06-05 20:37:00,199:INFO:             IPython: 8.6.0
2023-06-05 20:37:00,199:INFO:          ipywidgets: 7.7.1
2023-06-05 20:37:00,199:INFO:                tqdm: 4.64.0
2023-06-05 20:37:00,199:INFO:               numpy: 1.23.5
2023-06-05 20:37:00,199:INFO:              pandas: 1.4.3
2023-06-05 20:37:00,199:INFO:              jinja2: 3.1.2
2023-06-05 20:37:00,199:INFO:               scipy: 1.5.4
2023-06-05 20:37:00,199:INFO:              joblib: 1.2.0
2023-06-05 20:37:00,199:INFO:             sklearn: 1.2.2
2023-06-05 20:37:00,199:INFO:                pyod: 1.0.9
2023-06-05 20:37:00,199:INFO:            imblearn: 0.10.1
2023-06-05 20:37:00,199:INFO:   category_encoders: 2.6.1
2023-06-05 20:37:00,199:INFO:            lightgbm: 3.3.2
2023-06-05 20:37:00,199:INFO:               numba: 0.57.0
2023-06-05 20:37:00,199:INFO:            requests: 2.28.1
2023-06-05 20:37:00,200:INFO:          matplotlib: 3.5.2
2023-06-05 20:37:00,200:INFO:          scikitplot: 0.3.7
2023-06-05 20:37:00,200:INFO:         yellowbrick: 1.5
2023-06-05 20:37:00,200:INFO:              plotly: 5.9.0
2023-06-05 20:37:00,200:INFO:             kaleido: 0.2.1
2023-06-05 20:37:00,200:INFO:         statsmodels: 0.13.2
2023-06-05 20:37:00,200:INFO:              sktime: 0.17.0
2023-06-05 20:37:00,200:INFO:               tbats: 1.1.3
2023-06-05 20:37:00,200:INFO:            pmdarima: 2.0.3
2023-06-05 20:37:00,200:INFO:              psutil: 5.9.1
2023-06-05 20:37:00,200:INFO:PyCaret optional dependencies:
2023-06-05 20:37:00,397:INFO:                shap: 0.41.0
2023-06-05 20:37:00,397:INFO:           interpret: Not installed
2023-06-05 20:37:00,397:INFO:                umap: 0.5.3
2023-06-05 20:37:00,397:INFO:    pandas_profiling: 4.2.0
2023-06-05 20:37:00,397:INFO:  explainerdashboard: Not installed
2023-06-05 20:37:00,397:INFO:             autoviz: Not installed
2023-06-05 20:37:00,397:INFO:           fairlearn: Not installed
2023-06-05 20:37:00,397:INFO:             xgboost: Not installed
2023-06-05 20:37:00,397:INFO:            catboost: Not installed
2023-06-05 20:37:00,397:INFO:              kmodes: 0.12.1
2023-06-05 20:37:00,397:INFO:             mlxtend: 0.19.0
2023-06-05 20:37:00,397:INFO:       statsforecast: Not installed
2023-06-05 20:37:00,397:INFO:        tune_sklearn: Not installed
2023-06-05 20:37:00,398:INFO:                 ray: Not installed
2023-06-05 20:37:00,398:INFO:            hyperopt: Not installed
2023-06-05 20:37:00,398:INFO:              optuna: Not installed
2023-06-05 20:37:00,398:INFO:               skopt: Not installed
2023-06-05 20:37:00,398:INFO:              mlflow: 1.27.0
2023-06-05 20:37:00,398:INFO:              gradio: 3.0.26
2023-06-05 20:37:00,398:INFO:             fastapi: 0.79.0
2023-06-05 20:37:00,398:INFO:             uvicorn: 0.18.2
2023-06-05 20:37:00,398:INFO:              m2cgen: 0.10.0
2023-06-05 20:37:00,398:INFO:           evidently: Not installed
2023-06-05 20:37:00,398:INFO:               fugue: Not installed
2023-06-05 20:37:00,398:INFO:           streamlit: Not installed
2023-06-05 20:37:00,398:INFO:             prophet: Not installed
2023-06-05 20:37:00,398:INFO:None
2023-06-05 20:37:00,398:INFO:Set up data.
2023-06-05 20:37:00,401:INFO:Set up index.
2023-06-05 20:37:00,401:INFO:Assigning column types.
2023-06-05 20:37:00,402:INFO:Engine successfully changes for model 'kmeans' to 'sklearn'.
2023-06-05 20:37:00,403:INFO:Engine for model 'dbscan' has not been set explicitly, hence returning None.
2023-06-05 20:37:00,403:INFO:Soft dependency imported: kmodes: 0.12.1
2023-06-05 20:37:00,406:INFO:Engine for model 'dbscan' has not been set explicitly, hence returning None.
2023-06-05 20:37:00,407:INFO:Soft dependency imported: kmodes: 0.12.1
2023-06-05 20:37:00,407:INFO:Engine successfully changes for model 'dbscan' to 'sklearn'.
2023-06-05 20:37:00,407:INFO:Soft dependency imported: kmodes: 0.12.1
2023-06-05 20:37:00,407:INFO:Soft dependency imported: kmodes: 0.12.1
2023-06-05 20:37:00,409:INFO:Preparing preprocessing pipeline...
2023-06-05 20:37:00,410:INFO:Set up simple imputation.
2023-06-05 20:37:00,410:INFO:Set up feature normalization.
2023-06-05 20:37:00,431:INFO:Finished creating preprocessing pipeline.
2023-06-05 20:37:00,438:INFO:Pipeline: Pipeline(memory=FastMemory(location=C:\Users\nieds\AppData\Local\Temp\joblib),
         steps=[('numerical_imputer',
                 TransformerWrapper(include=['theta_065'],
                                    transformer=SimpleImputer())),
                ('categorical_imputer',
                 TransformerWrapper(include=[],
                                    transformer=SimpleImputer(strategy='most_frequent'))),
                ('normalize',
                 TransformerWrapper(transformer=StandardScaler()))])
2023-06-05 20:37:00,438:INFO:Creating final display dataframe.
2023-06-05 20:37:00,455:INFO:Setup _display_container:                Description                 Value
0               Session id                   402
1      Original data shape              (540, 1)
2   Transformed data shape              (540, 1)
3         Numeric features                     1
4               Preprocess                  True
5          Imputation type                simple
6       Numeric imputation                  mean
7   Categorical imputation                  mode
8                Normalize                  True
9         Normalize method                zscore
10                CPU Jobs                    -1
11                 Use GPU                 False
12          Log Experiment                 False
13         Experiment Name  cluster-default-name
14                     USI                  53d8
2023-06-05 20:37:00,463:INFO:Soft dependency imported: kmodes: 0.12.1
2023-06-05 20:37:00,463:INFO:Soft dependency imported: kmodes: 0.12.1
2023-06-05 20:37:00,464:INFO:setup() successfully completed in 0.27s...............
2023-06-05 20:37:00,464:INFO:Initializing create_model()
2023-06-05 20:37:00,464:INFO:create_model(self=<pycaret.clustering.oop.ClusteringExperiment object at 0x000002C1BF792DF0>, estimator=kmeans, num_clusters=4, fraction=0.05, ground_truth=None, round=4, fit_kwargs=None, experiment_custom_tags=None, verbose=True, system=True, add_to_model_list=True, raise_num_clusters=False, display=None, kwargs={})
2023-06-05 20:37:00,464:INFO:Checking exceptions
2023-06-05 20:37:00,514:INFO:Importing untrained model
2023-06-05 20:37:00,518:INFO:K-Means Clustering Imported successfully
2023-06-05 20:37:00,523:INFO:Fitting Model
2023-06-05 20:37:00,555:WARNING:c:\Users\nieds\anaconda3\envs\Pycaret\lib\site-packages\sklearn\cluster\_kmeans.py:870: FutureWarning: The default value of `n_init` will change from 10 to 'auto' in 1.4. Set the value of `n_init` explicitly to suppress the warning
  warnings.warn(

2023-06-05 20:37:00,606:INFO:KMeans(n_clusters=4, random_state=402)
2023-06-05 20:37:00,606:INFO:create_models() successfully completed......................................
2023-06-05 20:37:00,611:INFO:Uploading results into container
2023-06-05 20:37:00,615:INFO:Uploading model into container now
2023-06-05 20:37:00,622:INFO:_master_model_container: 1
2023-06-05 20:37:00,622:INFO:_display_container: 2
2023-06-05 20:37:00,623:INFO:KMeans(n_clusters=4, random_state=402)
2023-06-05 20:37:00,623:INFO:create_model() successfully completed......................................
2023-06-05 20:37:00,709:INFO:Initializing evaluate_model()
2023-06-05 20:37:00,709:INFO:evaluate_model(self=<pycaret.clustering.oop.ClusteringExperiment object at 0x000002C1BF792DF0>, estimator=KMeans(n_clusters=4, random_state=402), fold=None, fit_kwargs=None, plot_kwargs=None, feature_name=None, groups=None, use_train_data=False)
2023-06-05 20:37:00,731:INFO:Initializing plot_model()
2023-06-05 20:37:00,731:INFO:plot_model(plot=pipeline, fold=None, use_train_data=False, verbose=False, display=None, display_format=None, estimator=KMeans(n_clusters=4, random_state=402), feature_name=None, fit_kwargs={}, groups=None, label=False, plot_kwargs=None, save=False, scale=1, self=<pycaret.clustering.oop.ClusteringExperiment object at 0x000002C1BF792DF0>, system=True)
2023-06-05 20:37:00,732:INFO:Checking exceptions
2023-06-05 20:37:00,732:INFO:Preloading libraries
2023-06-05 20:37:00,733:INFO:Copying training dataset
2023-06-05 20:37:00,733:INFO:Plot type: pipeline
2023-06-05 20:37:00,897:INFO:Visual Rendered Successfully
2023-06-05 20:37:00,970:INFO:plot_model() successfully completed......................................
2023-06-05 20:37:00,972:INFO:Initializing plot_model()
2023-06-05 20:37:00,972:INFO:plot_model(plot=elbow, fold=None, use_train_data=False, verbose=True, display=None, display_format=None, estimator=KMeans(n_clusters=4, random_state=402), feature_name=None, fit_kwargs=None, groups=None, label=False, plot_kwargs=None, save=True, scale=1, self=<pycaret.clustering.oop.ClusteringExperiment object at 0x000002C1BF792DF0>, system=True)
2023-06-05 20:37:00,972:INFO:Checking exceptions
2023-06-05 20:37:00,974:INFO:Preloading libraries
2023-06-05 20:37:00,975:INFO:Copying training dataset
2023-06-05 20:37:00,975:INFO:Plot type: elbow
2023-06-05 20:37:01,080:INFO:Fitting Model
2023-06-05 20:37:01,081:WARNING:c:\Users\nieds\anaconda3\envs\Pycaret\lib\site-packages\sklearn\cluster\_kmeans.py:870: FutureWarning: The default value of `n_init` will change from 10 to 'auto' in 1.4. Set the value of `n_init` explicitly to suppress the warning
  warnings.warn(

2023-06-05 20:37:01,110:WARNING:c:\Users\nieds\anaconda3\envs\Pycaret\lib\site-packages\sklearn\cluster\_kmeans.py:870: FutureWarning: The default value of `n_init` will change from 10 to 'auto' in 1.4. Set the value of `n_init` explicitly to suppress the warning
  warnings.warn(

2023-06-05 20:37:01,139:WARNING:c:\Users\nieds\anaconda3\envs\Pycaret\lib\site-packages\sklearn\cluster\_kmeans.py:870: FutureWarning: The default value of `n_init` will change from 10 to 'auto' in 1.4. Set the value of `n_init` explicitly to suppress the warning
  warnings.warn(

2023-06-05 20:37:01,169:WARNING:c:\Users\nieds\anaconda3\envs\Pycaret\lib\site-packages\sklearn\cluster\_kmeans.py:870: FutureWarning: The default value of `n_init` will change from 10 to 'auto' in 1.4. Set the value of `n_init` explicitly to suppress the warning
  warnings.warn(

2023-06-05 20:37:01,195:WARNING:c:\Users\nieds\anaconda3\envs\Pycaret\lib\site-packages\sklearn\cluster\_kmeans.py:870: FutureWarning: The default value of `n_init` will change from 10 to 'auto' in 1.4. Set the value of `n_init` explicitly to suppress the warning
  warnings.warn(

2023-06-05 20:37:01,226:WARNING:c:\Users\nieds\anaconda3\envs\Pycaret\lib\site-packages\sklearn\cluster\_kmeans.py:870: FutureWarning: The default value of `n_init` will change from 10 to 'auto' in 1.4. Set the value of `n_init` explicitly to suppress the warning
  warnings.warn(

2023-06-05 20:37:01,256:WARNING:c:\Users\nieds\anaconda3\envs\Pycaret\lib\site-packages\sklearn\cluster\_kmeans.py:870: FutureWarning: The default value of `n_init` will change from 10 to 'auto' in 1.4. Set the value of `n_init` explicitly to suppress the warning
  warnings.warn(

2023-06-05 20:37:01,290:WARNING:c:\Users\nieds\anaconda3\envs\Pycaret\lib\site-packages\sklearn\cluster\_kmeans.py:870: FutureWarning: The default value of `n_init` will change from 10 to 'auto' in 1.4. Set the value of `n_init` explicitly to suppress the warning
  warnings.warn(

2023-06-05 20:37:01,326:WARNING:c:\Users\nieds\anaconda3\envs\Pycaret\lib\site-packages\sklearn\cluster\_kmeans.py:870: FutureWarning: The default value of `n_init` will change from 10 to 'auto' in 1.4. Set the value of `n_init` explicitly to suppress the warning
  warnings.warn(

2023-06-05 20:37:01,378:INFO:Saving 'Elbow Plot.png'
2023-06-05 20:37:01,854:INFO:Visual Rendered Successfully
2023-06-05 20:37:01,942:INFO:plot_model() successfully completed......................................
2023-06-05 20:37:01,944:INFO:Initializing plot_model()
2023-06-05 20:37:01,944:INFO:plot_model(plot=silhouette, fold=None, use_train_data=False, verbose=True, display=None, display_format=None, estimator=KMeans(n_clusters=4, random_state=402), feature_name=None, fit_kwargs=None, groups=None, label=False, plot_kwargs=None, save=True, scale=1, self=<pycaret.clustering.oop.ClusteringExperiment object at 0x000002C1BF792DF0>, system=True)
2023-06-05 20:37:01,944:INFO:Checking exceptions
2023-06-05 20:37:01,947:INFO:Preloading libraries
2023-06-05 20:37:01,947:INFO:Copying training dataset
2023-06-05 20:37:01,947:INFO:Plot type: silhouette
2023-06-05 20:37:01,964:INFO:Fitting Model
2023-06-05 20:37:01,965:WARNING:c:\Users\nieds\anaconda3\envs\Pycaret\lib\site-packages\sklearn\base.py:439: UserWarning: X does not have valid feature names, but KMeans was fitted with feature names
  warnings.warn(

2023-06-05 20:37:02,027:INFO:Saving 'Silhouette Plot.png'
2023-06-05 20:37:02,207:INFO:Visual Rendered Successfully
2023-06-05 20:37:02,282:INFO:plot_model() successfully completed......................................
2023-06-05 20:37:02,282:INFO:Initializing plot_model()
2023-06-05 20:37:02,282:INFO:plot_model(plot=distance, fold=None, use_train_data=False, verbose=True, display=None, display_format=None, estimator=KMeans(n_clusters=4, random_state=402), feature_name=None, fit_kwargs=None, groups=None, label=False, plot_kwargs=None, save=True, scale=1, self=<pycaret.clustering.oop.ClusteringExperiment object at 0x000002C1BF792DF0>, system=True)
2023-06-05 20:37:02,282:INFO:Checking exceptions
2023-06-05 20:37:02,285:INFO:Preloading libraries
2023-06-05 20:37:02,285:INFO:Copying training dataset
2023-06-05 20:37:02,285:INFO:Plot type: distance
2023-06-05 20:37:02,326:INFO:Fitting Model
2023-06-05 20:37:02,326:WARNING:c:\Users\nieds\anaconda3\envs\Pycaret\lib\site-packages\sklearn\base.py:439: UserWarning: X does not have valid feature names, but KMeans was fitted with feature names
  warnings.warn(

2023-06-05 20:37:02,328:WARNING:c:\Users\nieds\anaconda3\envs\Pycaret\lib\site-packages\sklearn\manifold\_mds.py:299: FutureWarning: The default value of `normalized_stress` will change to `'auto'` in version 1.4. To suppress this warning, manually set the value of `normalized_stress`.
  warnings.warn(

2023-06-05 20:37:02,335:INFO:Saving 'Distance Plot.png'
2023-06-05 20:37:02,566:INFO:Visual Rendered Successfully
2023-06-05 20:37:02,644:INFO:plot_model() successfully completed......................................
2023-06-05 20:37:02,644:INFO:Initializing plot_model()
2023-06-05 20:37:02,644:INFO:plot_model(plot=distribution, fold=None, use_train_data=False, verbose=True, display=None, display_format=None, estimator=KMeans(n_clusters=4, random_state=402), feature_name=None, fit_kwargs=None, groups=None, label=False, plot_kwargs=None, save=True, scale=1, self=<pycaret.clustering.oop.ClusteringExperiment object at 0x000002C1BF792DF0>, system=True)
2023-06-05 20:37:02,644:INFO:Checking exceptions
2023-06-05 20:37:02,647:INFO:Preloading libraries
2023-06-05 20:37:02,647:INFO:Copying training dataset
2023-06-05 20:37:02,647:INFO:Plot type: distribution
2023-06-05 20:37:02,648:INFO:SubProcess assign_model() called ==================================
2023-06-05 20:37:02,649:INFO:Initializing assign_model()
2023-06-05 20:37:02,649:INFO:assign_model(self=<pycaret.clustering.oop.ClusteringExperiment object at 0x000002C1BF792DF0>, model=KMeans(n_clusters=4, random_state=402), transformation=False, score=True, verbose=False)
2023-06-05 20:37:02,649:INFO:Checking exceptions
2023-06-05 20:37:02,649:INFO:Determining Trained Model
2023-06-05 20:37:02,649:INFO:Trained Model : K-Means Clustering
2023-06-05 20:37:02,650:INFO:Copying data
2023-06-05 20:37:02,651:INFO:(540, 2)
2023-06-05 20:37:02,651:INFO:assign_model() successfully completed......................................
2023-06-05 20:37:02,652:INFO:SubProcess assign_model() end ==================================
2023-06-05 20:37:02,652:INFO:Sorting dataframe
2023-06-05 20:37:02,654:INFO:Rendering Visual
2023-06-05 20:37:03,239:INFO:Saving 'Distribution Plot.png'
2023-06-05 20:37:03,258:INFO:Visual Rendered Successfully
2023-06-05 20:37:03,342:INFO:plot_model() successfully completed......................................
2023-06-05 20:37:03,343:INFO:Initializing assign_model()
2023-06-05 20:37:03,343:INFO:assign_model(self=<pycaret.clustering.oop.ClusteringExperiment object at 0x000002C1BF792DF0>, model=KMeans(n_clusters=4, random_state=402), transformation=False, score=True, verbose=True)
2023-06-05 20:37:03,343:INFO:Checking exceptions
2023-06-05 20:37:03,343:INFO:Determining Trained Model
2023-06-05 20:37:03,344:INFO:Trained Model : K-Means Clustering
2023-06-05 20:37:03,344:INFO:Copying data
2023-06-05 20:37:03,345:INFO:(540, 2)
2023-06-05 20:37:03,345:INFO:assign_model() successfully completed......................................
2023-06-05 20:37:06,047:INFO:Initializing plot_model()
2023-06-05 20:37:06,047:INFO:plot_model(plot=distribution, fold=None, use_train_data=False, verbose=False, display=None, display_format=None, estimator=KMeans(n_clusters=4, random_state=402), feature_name=None, fit_kwargs={}, groups=None, label=False, plot_kwargs=None, save=False, scale=1, self=<pycaret.clustering.oop.ClusteringExperiment object at 0x000002C1BF792DF0>, system=True)
2023-06-05 20:37:06,047:INFO:Checking exceptions
2023-06-05 20:37:06,048:INFO:Preloading libraries
2023-06-05 20:37:06,048:INFO:Copying training dataset
2023-06-05 20:37:06,048:INFO:Plot type: distribution
2023-06-05 20:37:06,048:INFO:SubProcess assign_model() called ==================================
2023-06-05 20:37:06,049:INFO:Initializing assign_model()
2023-06-05 20:37:06,049:INFO:assign_model(self=<pycaret.clustering.oop.ClusteringExperiment object at 0x000002C1BF792DF0>, model=KMeans(n_clusters=4, random_state=402), transformation=False, score=True, verbose=False)
2023-06-05 20:37:06,049:INFO:Checking exceptions
2023-06-05 20:37:06,049:INFO:Determining Trained Model
2023-06-05 20:37:06,049:INFO:Trained Model : K-Means Clustering
2023-06-05 20:37:06,049:INFO:Copying data
2023-06-05 20:37:06,051:INFO:(540, 2)
2023-06-05 20:37:06,051:INFO:assign_model() successfully completed......................................
2023-06-05 20:37:06,051:INFO:SubProcess assign_model() end ==================================
2023-06-05 20:37:06,051:INFO:Sorting dataframe
2023-06-05 20:37:06,053:INFO:Rendering Visual
2023-06-05 20:37:06,211:INFO:Visual Rendered Successfully
2023-06-05 20:37:06,286:INFO:plot_model() successfully completed......................................
