2023-06-05 20:38:30,134:WARNING:
'cuml' is a soft dependency and not included in the pycaret installation. Please run: `pip install cuml` to install.
2023-06-05 20:38:30,134:WARNING:
'cuml' is a soft dependency and not included in the pycaret installation. Please run: `pip install cuml` to install.
2023-06-05 20:38:30,135:WARNING:
'cuml' is a soft dependency and not included in the pycaret installation. Please run: `pip install cuml` to install.
2023-06-05 20:38:30,135:WARNING:
'cuml' is a soft dependency and not included in the pycaret installation. Please run: `pip install cuml` to install.
2023-06-05 20:38:30,150:WARNING:
'prophet' is a soft dependency and not included in the pycaret installation. Please run: `pip install prophet` to install.
2023-06-05 20:38:30,850:INFO:PyCaret ClusteringExperiment
2023-06-05 20:38:30,850:INFO:Logging name: cluster-default-name
2023-06-05 20:38:30,850:INFO:ML Usecase: MLUsecase.CLUSTERING
2023-06-05 20:38:30,850:INFO:version 3.0.2
2023-06-05 20:38:30,850:INFO:Initializing setup()
2023-06-05 20:38:30,850:INFO:self.USI: adc2
2023-06-05 20:38:30,850:INFO:self._variable_keys: {'log_plots_param', 'seed', 'USI', 'logging_param', '_ml_usecase', 'memory', 'X', '_available_plots', 'html_param', 'exp_name_log', 'n_jobs_param', 'idx', 'data', 'gpu_param', 'exp_id', 'pipeline', 'gpu_n_jobs_param'}
2023-06-05 20:38:30,850:INFO:Checking environment
2023-06-05 20:38:30,850:INFO:python_version: 3.8.13
2023-06-05 20:38:30,851:INFO:python_build: ('default', 'Mar 28 2022 06:59:08')
2023-06-05 20:38:30,851:INFO:machine: AMD64
2023-06-05 20:38:30,851:INFO:platform: Windows-10-10.0.22000-SP0
2023-06-05 20:38:30,851:INFO:Memory: svmem(total=8501751808, available=3324334080, percent=60.9, used=5177417728, free=3324334080)
2023-06-05 20:38:30,851:INFO:Physical Core: 6
2023-06-05 20:38:30,851:INFO:Logical Core: 6
2023-06-05 20:38:30,851:INFO:Checking libraries
2023-06-05 20:38:30,851:INFO:System:
2023-06-05 20:38:30,851:INFO:    python: 3.8.13 (default, Mar 28 2022, 06:59:08) [MSC v.1916 64 bit (AMD64)]
2023-06-05 20:38:30,851:INFO:executable: c:\Users\nieds\anaconda3\envs\Pycaret\python.exe
2023-06-05 20:38:30,851:INFO:   machine: Windows-10-10.0.22000-SP0
2023-06-05 20:38:30,851:INFO:PyCaret required dependencies:
2023-06-05 20:38:30,851:INFO:                 pip: 22.1.2
2023-06-05 20:38:30,851:INFO:          setuptools: 61.2.0
2023-06-05 20:38:30,851:INFO:             pycaret: 3.0.2
2023-06-05 20:38:30,852:INFO:             IPython: 8.6.0
2023-06-05 20:38:30,852:INFO:          ipywidgets: 7.7.1
2023-06-05 20:38:30,852:INFO:                tqdm: 4.64.0
2023-06-05 20:38:30,852:INFO:               numpy: 1.23.5
2023-06-05 20:38:30,852:INFO:              pandas: 1.4.3
2023-06-05 20:38:30,852:INFO:              jinja2: 3.1.2
2023-06-05 20:38:30,852:INFO:               scipy: 1.5.4
2023-06-05 20:38:30,852:INFO:              joblib: 1.2.0
2023-06-05 20:38:30,852:INFO:             sklearn: 1.2.2
2023-06-05 20:38:30,852:INFO:                pyod: 1.0.9
2023-06-05 20:38:30,852:INFO:            imblearn: 0.10.1
2023-06-05 20:38:30,852:INFO:   category_encoders: 2.6.1
2023-06-05 20:38:30,852:INFO:            lightgbm: 3.3.2
2023-06-05 20:38:30,852:INFO:               numba: 0.57.0
2023-06-05 20:38:30,852:INFO:            requests: 2.28.1
2023-06-05 20:38:30,852:INFO:          matplotlib: 3.5.2
2023-06-05 20:38:30,852:INFO:          scikitplot: 0.3.7
2023-06-05 20:38:30,852:INFO:         yellowbrick: 1.5
2023-06-05 20:38:30,852:INFO:              plotly: 5.9.0
2023-06-05 20:38:30,852:INFO:             kaleido: 0.2.1
2023-06-05 20:38:30,852:INFO:         statsmodels: 0.13.2
2023-06-05 20:38:30,852:INFO:              sktime: 0.17.0
2023-06-05 20:38:30,853:INFO:               tbats: 1.1.3
2023-06-05 20:38:30,853:INFO:            pmdarima: 2.0.3
2023-06-05 20:38:30,853:INFO:              psutil: 5.9.1
2023-06-05 20:38:30,853:INFO:PyCaret optional dependencies:
2023-06-05 20:38:31,013:INFO:                shap: 0.41.0
2023-06-05 20:38:31,014:INFO:           interpret: Not installed
2023-06-05 20:38:31,014:INFO:                umap: 0.5.3
2023-06-05 20:38:31,014:INFO:    pandas_profiling: 4.2.0
2023-06-05 20:38:31,014:INFO:  explainerdashboard: Not installed
2023-06-05 20:38:31,014:INFO:             autoviz: Not installed
2023-06-05 20:38:31,014:INFO:           fairlearn: Not installed
2023-06-05 20:38:31,014:INFO:             xgboost: Not installed
2023-06-05 20:38:31,014:INFO:            catboost: Not installed
2023-06-05 20:38:31,014:INFO:              kmodes: 0.12.1
2023-06-05 20:38:31,014:INFO:             mlxtend: 0.19.0
2023-06-05 20:38:31,014:INFO:       statsforecast: Not installed
2023-06-05 20:38:31,015:INFO:        tune_sklearn: Not installed
2023-06-05 20:38:31,015:INFO:                 ray: Not installed
2023-06-05 20:38:31,015:INFO:            hyperopt: Not installed
2023-06-05 20:38:31,015:INFO:              optuna: Not installed
2023-06-05 20:38:31,015:INFO:               skopt: Not installed
2023-06-05 20:38:31,015:INFO:              mlflow: 1.27.0
2023-06-05 20:38:31,015:INFO:              gradio: 3.0.26
2023-06-05 20:38:31,015:INFO:             fastapi: 0.79.0
2023-06-05 20:38:31,015:INFO:             uvicorn: 0.18.2
2023-06-05 20:38:31,015:INFO:              m2cgen: 0.10.0
2023-06-05 20:38:31,015:INFO:           evidently: Not installed
2023-06-05 20:38:31,015:INFO:               fugue: Not installed
2023-06-05 20:38:31,015:INFO:           streamlit: Not installed
2023-06-05 20:38:31,015:INFO:             prophet: Not installed
2023-06-05 20:38:31,016:INFO:None
2023-06-05 20:38:31,016:INFO:Set up data.
2023-06-05 20:38:31,017:INFO:Set up index.
2023-06-05 20:38:31,017:INFO:Assigning column types.
2023-06-05 20:38:31,019:INFO:Engine successfully changes for model 'kmeans' to 'sklearn'.
2023-06-05 20:38:31,019:INFO:Engine for model 'dbscan' has not been set explicitly, hence returning None.
2023-06-05 20:38:31,019:INFO:Soft dependency imported: kmodes: 0.12.1
2023-06-05 20:38:31,022:INFO:Engine for model 'dbscan' has not been set explicitly, hence returning None.
2023-06-05 20:38:31,023:INFO:Soft dependency imported: kmodes: 0.12.1
2023-06-05 20:38:31,023:INFO:Engine successfully changes for model 'dbscan' to 'sklearn'.
2023-06-05 20:38:31,023:INFO:Soft dependency imported: kmodes: 0.12.1
2023-06-05 20:38:31,023:INFO:Soft dependency imported: kmodes: 0.12.1
2023-06-05 20:38:31,025:INFO:Preparing preprocessing pipeline...
2023-06-05 20:38:31,025:INFO:Set up simple imputation.
2023-06-05 20:38:31,025:INFO:Set up feature normalization.
2023-06-05 20:38:31,046:INFO:Finished creating preprocessing pipeline.
2023-06-05 20:38:31,051:INFO:Pipeline: Pipeline(memory=FastMemory(location=C:\Users\nieds\AppData\Local\Temp\joblib),
         steps=[('numerical_imputer',
                 TransformerWrapper(include=['theta_065'],
                                    transformer=SimpleImputer())),
                ('categorical_imputer',
                 TransformerWrapper(include=[],
                                    transformer=SimpleImputer(strategy='most_frequent'))),
                ('normalize',
                 TransformerWrapper(transformer=StandardScaler()))])
2023-06-05 20:38:31,052:INFO:Creating final display dataframe.
2023-06-05 20:38:31,069:INFO:Setup _display_container:                Description                 Value
0               Session id                  3560
1      Original data shape              (600, 1)
2   Transformed data shape              (600, 1)
3         Numeric features                     1
4               Preprocess                  True
5          Imputation type                simple
6       Numeric imputation                  mean
7   Categorical imputation                  mode
8                Normalize                  True
9         Normalize method                zscore
10                CPU Jobs                    -1
11                 Use GPU                 False
12          Log Experiment                 False
13         Experiment Name  cluster-default-name
14                     USI                  adc2
2023-06-05 20:38:31,077:INFO:Soft dependency imported: kmodes: 0.12.1
2023-06-05 20:38:31,077:INFO:Soft dependency imported: kmodes: 0.12.1
2023-06-05 20:38:31,078:INFO:setup() successfully completed in 0.23s...............
2023-06-05 20:38:31,078:INFO:Initializing create_model()
2023-06-05 20:38:31,078:INFO:create_model(self=<pycaret.clustering.oop.ClusteringExperiment object at 0x0000024D91A17F70>, estimator=kmeans, num_clusters=4, fraction=0.05, ground_truth=None, round=4, fit_kwargs=None, experiment_custom_tags=None, verbose=True, system=True, add_to_model_list=True, raise_num_clusters=False, display=None, kwargs={})
2023-06-05 20:38:31,078:INFO:Checking exceptions
2023-06-05 20:38:31,139:INFO:Importing untrained model
2023-06-05 20:38:31,143:INFO:K-Means Clustering Imported successfully
2023-06-05 20:38:31,152:INFO:Fitting Model
2023-06-05 20:38:31,184:WARNING:c:\Users\nieds\anaconda3\envs\Pycaret\lib\site-packages\sklearn\cluster\_kmeans.py:870: FutureWarning: The default value of `n_init` will change from 10 to 'auto' in 1.4. Set the value of `n_init` explicitly to suppress the warning
  warnings.warn(

2023-06-05 20:38:31,240:INFO:KMeans(n_clusters=4, random_state=3560)
2023-06-05 20:38:31,240:INFO:create_models() successfully completed......................................
2023-06-05 20:38:31,244:INFO:Uploading results into container
2023-06-05 20:38:31,246:INFO:Uploading model into container now
2023-06-05 20:38:31,254:INFO:_master_model_container: 1
2023-06-05 20:38:31,254:INFO:_display_container: 2
2023-06-05 20:38:31,254:INFO:KMeans(n_clusters=4, random_state=3560)
2023-06-05 20:38:31,254:INFO:create_model() successfully completed......................................
2023-06-05 20:38:31,346:INFO:Initializing evaluate_model()
2023-06-05 20:38:31,346:INFO:evaluate_model(self=<pycaret.clustering.oop.ClusteringExperiment object at 0x0000024D91A17F70>, estimator=KMeans(n_clusters=4, random_state=3560), fold=None, fit_kwargs=None, plot_kwargs=None, feature_name=None, groups=None, use_train_data=False)
2023-06-05 20:38:31,366:INFO:Initializing plot_model()
2023-06-05 20:38:31,367:INFO:plot_model(plot=pipeline, fold=None, use_train_data=False, verbose=False, display=None, display_format=None, estimator=KMeans(n_clusters=4, random_state=3560), feature_name=None, fit_kwargs={}, groups=None, label=False, plot_kwargs=None, save=False, scale=1, self=<pycaret.clustering.oop.ClusteringExperiment object at 0x0000024D91A17F70>, system=True)
2023-06-05 20:38:31,367:INFO:Checking exceptions
2023-06-05 20:38:31,368:INFO:Preloading libraries
2023-06-05 20:38:31,368:INFO:Copying training dataset
2023-06-05 20:38:31,368:INFO:Plot type: pipeline
2023-06-05 20:38:31,496:INFO:Visual Rendered Successfully
2023-06-05 20:38:31,584:INFO:plot_model() successfully completed......................................
2023-06-05 20:38:31,586:INFO:Initializing plot_model()
2023-06-05 20:38:31,586:INFO:plot_model(plot=elbow, fold=None, use_train_data=False, verbose=True, display=None, display_format=None, estimator=KMeans(n_clusters=4, random_state=3560), feature_name=None, fit_kwargs=None, groups=None, label=False, plot_kwargs=None, save=True, scale=1, self=<pycaret.clustering.oop.ClusteringExperiment object at 0x0000024D91A17F70>, system=True)
2023-06-05 20:38:31,587:INFO:Checking exceptions
2023-06-05 20:38:31,590:INFO:Preloading libraries
2023-06-05 20:38:31,591:INFO:Copying training dataset
2023-06-05 20:38:31,591:INFO:Plot type: elbow
2023-06-05 20:38:31,719:INFO:Fitting Model
2023-06-05 20:38:31,722:WARNING:c:\Users\nieds\anaconda3\envs\Pycaret\lib\site-packages\sklearn\cluster\_kmeans.py:870: FutureWarning: The default value of `n_init` will change from 10 to 'auto' in 1.4. Set the value of `n_init` explicitly to suppress the warning
  warnings.warn(

2023-06-05 20:38:31,743:WARNING:c:\Users\nieds\anaconda3\envs\Pycaret\lib\site-packages\sklearn\cluster\_kmeans.py:870: FutureWarning: The default value of `n_init` will change from 10 to 'auto' in 1.4. Set the value of `n_init` explicitly to suppress the warning
  warnings.warn(

2023-06-05 20:38:31,766:WARNING:c:\Users\nieds\anaconda3\envs\Pycaret\lib\site-packages\sklearn\cluster\_kmeans.py:870: FutureWarning: The default value of `n_init` will change from 10 to 'auto' in 1.4. Set the value of `n_init` explicitly to suppress the warning
  warnings.warn(

2023-06-05 20:38:31,791:WARNING:c:\Users\nieds\anaconda3\envs\Pycaret\lib\site-packages\sklearn\cluster\_kmeans.py:870: FutureWarning: The default value of `n_init` will change from 10 to 'auto' in 1.4. Set the value of `n_init` explicitly to suppress the warning
  warnings.warn(

2023-06-05 20:38:31,820:WARNING:c:\Users\nieds\anaconda3\envs\Pycaret\lib\site-packages\sklearn\cluster\_kmeans.py:870: FutureWarning: The default value of `n_init` will change from 10 to 'auto' in 1.4. Set the value of `n_init` explicitly to suppress the warning
  warnings.warn(

2023-06-05 20:38:31,852:WARNING:c:\Users\nieds\anaconda3\envs\Pycaret\lib\site-packages\sklearn\cluster\_kmeans.py:870: FutureWarning: The default value of `n_init` will change from 10 to 'auto' in 1.4. Set the value of `n_init` explicitly to suppress the warning
  warnings.warn(

2023-06-05 20:38:31,891:WARNING:c:\Users\nieds\anaconda3\envs\Pycaret\lib\site-packages\sklearn\cluster\_kmeans.py:870: FutureWarning: The default value of `n_init` will change from 10 to 'auto' in 1.4. Set the value of `n_init` explicitly to suppress the warning
  warnings.warn(

2023-06-05 20:38:31,928:WARNING:c:\Users\nieds\anaconda3\envs\Pycaret\lib\site-packages\sklearn\cluster\_kmeans.py:870: FutureWarning: The default value of `n_init` will change from 10 to 'auto' in 1.4. Set the value of `n_init` explicitly to suppress the warning
  warnings.warn(

2023-06-05 20:38:31,969:WARNING:c:\Users\nieds\anaconda3\envs\Pycaret\lib\site-packages\sklearn\cluster\_kmeans.py:870: FutureWarning: The default value of `n_init` will change from 10 to 'auto' in 1.4. Set the value of `n_init` explicitly to suppress the warning
  warnings.warn(

2023-06-05 20:38:32,023:INFO:Saving 'Elbow Plot.png'
2023-06-05 20:38:32,524:INFO:Visual Rendered Successfully
2023-06-05 20:38:32,600:INFO:plot_model() successfully completed......................................
2023-06-05 20:38:32,601:INFO:Initializing plot_model()
2023-06-05 20:38:32,602:INFO:plot_model(plot=silhouette, fold=None, use_train_data=False, verbose=True, display=None, display_format=None, estimator=KMeans(n_clusters=4, random_state=3560), feature_name=None, fit_kwargs=None, groups=None, label=False, plot_kwargs=None, save=True, scale=1, self=<pycaret.clustering.oop.ClusteringExperiment object at 0x0000024D91A17F70>, system=True)
2023-06-05 20:38:32,602:INFO:Checking exceptions
2023-06-05 20:38:32,604:INFO:Preloading libraries
2023-06-05 20:38:32,605:INFO:Copying training dataset
2023-06-05 20:38:32,605:INFO:Plot type: silhouette
2023-06-05 20:38:32,619:INFO:Fitting Model
2023-06-05 20:38:32,620:WARNING:c:\Users\nieds\anaconda3\envs\Pycaret\lib\site-packages\sklearn\base.py:439: UserWarning: X does not have valid feature names, but KMeans was fitted with feature names
  warnings.warn(

2023-06-05 20:38:32,659:INFO:Saving 'Silhouette Plot.png'
2023-06-05 20:38:32,832:INFO:Visual Rendered Successfully
2023-06-05 20:38:32,904:INFO:plot_model() successfully completed......................................
2023-06-05 20:38:32,904:INFO:Initializing plot_model()
2023-06-05 20:38:32,904:INFO:plot_model(plot=distance, fold=None, use_train_data=False, verbose=True, display=None, display_format=None, estimator=KMeans(n_clusters=4, random_state=3560), feature_name=None, fit_kwargs=None, groups=None, label=False, plot_kwargs=None, save=True, scale=1, self=<pycaret.clustering.oop.ClusteringExperiment object at 0x0000024D91A17F70>, system=True)
2023-06-05 20:38:32,904:INFO:Checking exceptions
2023-06-05 20:38:32,907:INFO:Preloading libraries
2023-06-05 20:38:32,907:INFO:Copying training dataset
2023-06-05 20:38:32,907:INFO:Plot type: distance
2023-06-05 20:38:32,944:INFO:Fitting Model
2023-06-05 20:38:32,944:WARNING:c:\Users\nieds\anaconda3\envs\Pycaret\lib\site-packages\sklearn\base.py:439: UserWarning: X does not have valid feature names, but KMeans was fitted with feature names
  warnings.warn(

2023-06-05 20:38:32,945:WARNING:c:\Users\nieds\anaconda3\envs\Pycaret\lib\site-packages\sklearn\manifold\_mds.py:299: FutureWarning: The default value of `normalized_stress` will change to `'auto'` in version 1.4. To suppress this warning, manually set the value of `normalized_stress`.
  warnings.warn(

2023-06-05 20:38:32,951:INFO:Saving 'Distance Plot.png'
2023-06-05 20:38:33,163:INFO:Visual Rendered Successfully
2023-06-05 20:38:33,235:INFO:plot_model() successfully completed......................................
2023-06-05 20:38:33,235:INFO:Initializing plot_model()
2023-06-05 20:38:33,235:INFO:plot_model(plot=distribution, fold=None, use_train_data=False, verbose=True, display=None, display_format=None, estimator=KMeans(n_clusters=4, random_state=3560), feature_name=None, fit_kwargs=None, groups=None, label=False, plot_kwargs=None, save=True, scale=1, self=<pycaret.clustering.oop.ClusteringExperiment object at 0x0000024D91A17F70>, system=True)
2023-06-05 20:38:33,235:INFO:Checking exceptions
2023-06-05 20:38:33,237:INFO:Preloading libraries
2023-06-05 20:38:33,237:INFO:Copying training dataset
2023-06-05 20:38:33,238:INFO:Plot type: distribution
2023-06-05 20:38:33,238:INFO:SubProcess assign_model() called ==================================
2023-06-05 20:38:33,238:INFO:Initializing assign_model()
2023-06-05 20:38:33,238:INFO:assign_model(self=<pycaret.clustering.oop.ClusteringExperiment object at 0x0000024D91A17F70>, model=KMeans(n_clusters=4, random_state=3560), transformation=False, score=True, verbose=False)
2023-06-05 20:38:33,238:INFO:Checking exceptions
2023-06-05 20:38:33,238:INFO:Determining Trained Model
2023-06-05 20:38:33,239:INFO:Trained Model : K-Means Clustering
2023-06-05 20:38:33,239:INFO:Copying data
2023-06-05 20:38:33,240:INFO:(600, 2)
2023-06-05 20:38:33,240:INFO:assign_model() successfully completed......................................
2023-06-05 20:38:33,240:INFO:SubProcess assign_model() end ==================================
2023-06-05 20:38:33,240:INFO:Sorting dataframe
2023-06-05 20:38:33,244:INFO:Rendering Visual
2023-06-05 20:38:33,691:INFO:Saving 'Distribution Plot.png'
2023-06-05 20:38:33,715:INFO:Visual Rendered Successfully
2023-06-05 20:38:33,838:INFO:plot_model() successfully completed......................................
2023-06-05 20:38:33,839:INFO:Initializing assign_model()
2023-06-05 20:38:33,839:INFO:assign_model(self=<pycaret.clustering.oop.ClusteringExperiment object at 0x0000024D91A17F70>, model=KMeans(n_clusters=4, random_state=3560), transformation=False, score=True, verbose=True)
2023-06-05 20:38:33,839:INFO:Checking exceptions
2023-06-05 20:38:33,839:INFO:Determining Trained Model
2023-06-05 20:38:33,840:INFO:Trained Model : K-Means Clustering
2023-06-05 20:38:33,840:INFO:Copying data
2023-06-05 20:38:33,841:INFO:(600, 2)
2023-06-05 20:38:33,842:INFO:assign_model() successfully completed......................................
2023-06-05 20:38:36,837:INFO:Initializing plot_model()
2023-06-05 20:38:36,838:INFO:plot_model(plot=distribution, fold=None, use_train_data=False, verbose=False, display=None, display_format=None, estimator=KMeans(n_clusters=4, random_state=3560), feature_name=None, fit_kwargs={}, groups=None, label=False, plot_kwargs=None, save=False, scale=1, self=<pycaret.clustering.oop.ClusteringExperiment object at 0x0000024D91A17F70>, system=True)
2023-06-05 20:38:36,838:INFO:Checking exceptions
2023-06-05 20:38:36,839:INFO:Preloading libraries
2023-06-05 20:38:36,839:INFO:Copying training dataset
2023-06-05 20:38:36,839:INFO:Plot type: distribution
2023-06-05 20:38:36,840:INFO:SubProcess assign_model() called ==================================
2023-06-05 20:38:36,840:INFO:Initializing assign_model()
2023-06-05 20:38:36,840:INFO:assign_model(self=<pycaret.clustering.oop.ClusteringExperiment object at 0x0000024D91A17F70>, model=KMeans(n_clusters=4, random_state=3560), transformation=False, score=True, verbose=False)
2023-06-05 20:38:36,840:INFO:Checking exceptions
2023-06-05 20:38:36,841:INFO:Determining Trained Model
2023-06-05 20:38:36,841:INFO:Trained Model : K-Means Clustering
2023-06-05 20:38:36,841:INFO:Copying data
2023-06-05 20:38:36,842:INFO:(600, 2)
2023-06-05 20:38:36,842:INFO:assign_model() successfully completed......................................
2023-06-05 20:38:36,842:INFO:SubProcess assign_model() end ==================================
2023-06-05 20:38:36,842:INFO:Sorting dataframe
2023-06-05 20:38:36,845:INFO:Rendering Visual
2023-06-05 20:38:36,990:INFO:Visual Rendered Successfully
2023-06-05 20:38:37,072:INFO:plot_model() successfully completed......................................
2023-06-05 20:39:38,970:INFO:Initializing plot_model()
2023-06-05 20:39:38,970:INFO:plot_model(plot=distance, fold=None, use_train_data=False, verbose=False, display=None, display_format=None, estimator=KMeans(n_clusters=4, random_state=3560), feature_name=None, fit_kwargs={}, groups=None, label=False, plot_kwargs=None, save=False, scale=1, self=<pycaret.clustering.oop.ClusteringExperiment object at 0x0000024D91A17F70>, system=True)
2023-06-05 20:39:38,970:INFO:Checking exceptions
2023-06-05 20:39:38,971:INFO:Preloading libraries
2023-06-05 20:39:38,971:INFO:Copying training dataset
2023-06-05 20:39:38,971:INFO:Plot type: distance
2023-06-05 20:39:39,008:INFO:Fitting Model
2023-06-05 20:39:39,008:WARNING:c:\Users\nieds\anaconda3\envs\Pycaret\lib\site-packages\sklearn\base.py:439: UserWarning:

X does not have valid feature names, but KMeans was fitted with feature names


2023-06-05 20:39:39,008:WARNING:c:\Users\nieds\anaconda3\envs\Pycaret\lib\site-packages\sklearn\manifold\_mds.py:299: FutureWarning:

The default value of `normalized_stress` will change to `'auto'` in version 1.4. To suppress this warning, manually set the value of `normalized_stress`.


2023-06-05 20:39:39,194:INFO:Visual Rendered Successfully
2023-06-05 20:39:39,274:INFO:plot_model() successfully completed......................................
2023-06-05 20:39:47,816:INFO:Initializing plot_model()
2023-06-05 20:39:47,817:INFO:plot_model(plot=pipeline, fold=None, use_train_data=False, verbose=False, display=None, display_format=None, estimator=KMeans(n_clusters=4, random_state=3560), feature_name=None, fit_kwargs={}, groups=None, label=False, plot_kwargs=None, save=False, scale=1, self=<pycaret.clustering.oop.ClusteringExperiment object at 0x0000024D91A17F70>, system=True)
2023-06-05 20:39:47,817:INFO:Checking exceptions
2023-06-05 20:39:47,818:INFO:Preloading libraries
2023-06-05 20:39:47,819:INFO:Copying training dataset
2023-06-05 20:39:47,819:INFO:Plot type: pipeline
2023-06-05 20:39:47,892:INFO:Visual Rendered Successfully
2023-06-05 20:39:47,972:INFO:plot_model() successfully completed......................................
2023-06-05 20:39:49,785:INFO:Initializing plot_model()
2023-06-05 20:39:49,785:INFO:plot_model(plot=cluster, fold=None, use_train_data=False, verbose=False, display=None, display_format=None, estimator=KMeans(n_clusters=4, random_state=3560), feature_name=None, fit_kwargs={}, groups=None, label=False, plot_kwargs=None, save=False, scale=1, self=<pycaret.clustering.oop.ClusteringExperiment object at 0x0000024D91A17F70>, system=True)
2023-06-05 20:39:49,785:INFO:Checking exceptions
2023-06-05 20:39:49,786:INFO:Preloading libraries
2023-06-05 20:39:49,786:INFO:Copying training dataset
2023-06-05 20:39:49,787:INFO:Plot type: cluster
2023-06-05 20:39:49,787:INFO:SubProcess assign_model() called ==================================
2023-06-05 20:39:49,787:INFO:Initializing assign_model()
2023-06-05 20:39:49,787:INFO:assign_model(self=<pycaret.clustering.oop.ClusteringExperiment object at 0x0000024D91A17F70>, model=KMeans(n_clusters=4, random_state=3560), transformation=True, score=True, verbose=False)
2023-06-05 20:39:49,788:INFO:Checking exceptions
2023-06-05 20:39:49,788:INFO:Determining Trained Model
2023-06-05 20:39:49,788:INFO:Trained Model : K-Means Clustering
2023-06-05 20:39:49,788:INFO:Copying data
2023-06-05 20:39:49,801:INFO:Transformation parameter set to True. Assigned clusters are attached on transformed dataset.
2023-06-05 20:39:49,801:INFO:(600, 2)
2023-06-05 20:39:49,801:INFO:assign_model() successfully completed......................................
2023-06-05 20:39:49,802:INFO:SubProcess assign_model() end ==================================
2023-06-05 20:39:49,803:INFO:Fitting PCA()
