2023-06-05 20:40:19,578:WARNING:
'cuml' is a soft dependency and not included in the pycaret installation. Please run: `pip install cuml` to install.
2023-06-05 20:40:19,578:WARNING:
'cuml' is a soft dependency and not included in the pycaret installation. Please run: `pip install cuml` to install.
2023-06-05 20:40:19,578:WARNING:
'cuml' is a soft dependency and not included in the pycaret installation. Please run: `pip install cuml` to install.
2023-06-05 20:40:19,578:WARNING:
'cuml' is a soft dependency and not included in the pycaret installation. Please run: `pip install cuml` to install.
2023-06-05 20:40:19,593:WARNING:
'prophet' is a soft dependency and not included in the pycaret installation. Please run: `pip install prophet` to install.
2023-06-05 20:40:20,231:INFO:PyCaret ClusteringExperiment
2023-06-05 20:40:20,231:INFO:Logging name: cluster-default-name
2023-06-05 20:40:20,231:INFO:ML Usecase: MLUsecase.CLUSTERING
2023-06-05 20:40:20,231:INFO:version 3.0.2
2023-06-05 20:40:20,231:INFO:Initializing setup()
2023-06-05 20:40:20,231:INFO:self.USI: 7faf
2023-06-05 20:40:20,231:INFO:self._variable_keys: {'seed', 'n_jobs_param', '_available_plots', 'logging_param', 'memory', 'pipeline', '_ml_usecase', 'idx', 'exp_id', 'exp_name_log', 'gpu_n_jobs_param', 'USI', 'X', 'log_plots_param', 'html_param', 'gpu_param', 'data'}
2023-06-05 20:40:20,231:INFO:Checking environment
2023-06-05 20:40:20,231:INFO:python_version: 3.8.13
2023-06-05 20:40:20,231:INFO:python_build: ('default', 'Mar 28 2022 06:59:08')
2023-06-05 20:40:20,231:INFO:machine: AMD64
2023-06-05 20:40:20,231:INFO:platform: Windows-10-10.0.22000-SP0
2023-06-05 20:40:20,231:INFO:Memory: svmem(total=8501751808, available=3550285824, percent=58.2, used=4951465984, free=3550285824)
2023-06-05 20:40:20,231:INFO:Physical Core: 6
2023-06-05 20:40:20,232:INFO:Logical Core: 6
2023-06-05 20:40:20,232:INFO:Checking libraries
2023-06-05 20:40:20,232:INFO:System:
2023-06-05 20:40:20,232:INFO:    python: 3.8.13 (default, Mar 28 2022, 06:59:08) [MSC v.1916 64 bit (AMD64)]
2023-06-05 20:40:20,232:INFO:executable: c:\Users\nieds\anaconda3\envs\Pycaret\python.exe
2023-06-05 20:40:20,232:INFO:   machine: Windows-10-10.0.22000-SP0
2023-06-05 20:40:20,232:INFO:PyCaret required dependencies:
2023-06-05 20:40:20,232:INFO:                 pip: 22.1.2
2023-06-05 20:40:20,232:INFO:          setuptools: 61.2.0
2023-06-05 20:40:20,232:INFO:             pycaret: 3.0.2
2023-06-05 20:40:20,232:INFO:             IPython: 8.6.0
2023-06-05 20:40:20,232:INFO:          ipywidgets: 7.7.1
2023-06-05 20:40:20,232:INFO:                tqdm: 4.64.0
2023-06-05 20:40:20,232:INFO:               numpy: 1.23.5
2023-06-05 20:40:20,232:INFO:              pandas: 1.4.3
2023-06-05 20:40:20,232:INFO:              jinja2: 3.1.2
2023-06-05 20:40:20,232:INFO:               scipy: 1.5.4
2023-06-05 20:40:20,232:INFO:              joblib: 1.2.0
2023-06-05 20:40:20,232:INFO:             sklearn: 1.2.2
2023-06-05 20:40:20,232:INFO:                pyod: 1.0.9
2023-06-05 20:40:20,232:INFO:            imblearn: 0.10.1
2023-06-05 20:40:20,233:INFO:   category_encoders: 2.6.1
2023-06-05 20:40:20,233:INFO:            lightgbm: 3.3.2
2023-06-05 20:40:20,233:INFO:               numba: 0.57.0
2023-06-05 20:40:20,233:INFO:            requests: 2.28.1
2023-06-05 20:40:20,233:INFO:          matplotlib: 3.5.2
2023-06-05 20:40:20,233:INFO:          scikitplot: 0.3.7
2023-06-05 20:40:20,233:INFO:         yellowbrick: 1.5
2023-06-05 20:40:20,233:INFO:              plotly: 5.9.0
2023-06-05 20:40:20,233:INFO:             kaleido: 0.2.1
2023-06-05 20:40:20,233:INFO:         statsmodels: 0.13.2
2023-06-05 20:40:20,233:INFO:              sktime: 0.17.0
2023-06-05 20:40:20,233:INFO:               tbats: 1.1.3
2023-06-05 20:40:20,233:INFO:            pmdarima: 2.0.3
2023-06-05 20:40:20,233:INFO:              psutil: 5.9.1
2023-06-05 20:40:20,233:INFO:PyCaret optional dependencies:
2023-06-05 20:40:20,407:INFO:                shap: 0.41.0
2023-06-05 20:40:20,407:INFO:           interpret: Not installed
2023-06-05 20:40:20,407:INFO:                umap: 0.5.3
2023-06-05 20:40:20,407:INFO:    pandas_profiling: 4.2.0
2023-06-05 20:40:20,407:INFO:  explainerdashboard: Not installed
2023-06-05 20:40:20,407:INFO:             autoviz: Not installed
2023-06-05 20:40:20,407:INFO:           fairlearn: Not installed
2023-06-05 20:40:20,407:INFO:             xgboost: Not installed
2023-06-05 20:40:20,407:INFO:            catboost: Not installed
2023-06-05 20:40:20,407:INFO:              kmodes: 0.12.1
2023-06-05 20:40:20,407:INFO:             mlxtend: 0.19.0
2023-06-05 20:40:20,407:INFO:       statsforecast: Not installed
2023-06-05 20:40:20,407:INFO:        tune_sklearn: Not installed
2023-06-05 20:40:20,407:INFO:                 ray: Not installed
2023-06-05 20:40:20,407:INFO:            hyperopt: Not installed
2023-06-05 20:40:20,407:INFO:              optuna: Not installed
2023-06-05 20:40:20,407:INFO:               skopt: Not installed
2023-06-05 20:40:20,407:INFO:              mlflow: 1.27.0
2023-06-05 20:40:20,408:INFO:              gradio: 3.0.26
2023-06-05 20:40:20,408:INFO:             fastapi: 0.79.0
2023-06-05 20:40:20,408:INFO:             uvicorn: 0.18.2
2023-06-05 20:40:20,408:INFO:              m2cgen: 0.10.0
2023-06-05 20:40:20,408:INFO:           evidently: Not installed
2023-06-05 20:40:20,408:INFO:               fugue: Not installed
2023-06-05 20:40:20,408:INFO:           streamlit: Not installed
2023-06-05 20:40:20,408:INFO:             prophet: Not installed
2023-06-05 20:40:20,408:INFO:None
2023-06-05 20:40:20,408:INFO:Set up data.
2023-06-05 20:40:20,410:INFO:Set up index.
2023-06-05 20:40:20,410:INFO:Assigning column types.
2023-06-05 20:40:20,412:INFO:Engine successfully changes for model 'kmeans' to 'sklearn'.
2023-06-05 20:40:20,412:INFO:Engine for model 'dbscan' has not been set explicitly, hence returning None.
2023-06-05 20:40:20,412:INFO:Soft dependency imported: kmodes: 0.12.1
2023-06-05 20:40:20,416:INFO:Engine for model 'dbscan' has not been set explicitly, hence returning None.
2023-06-05 20:40:20,416:INFO:Soft dependency imported: kmodes: 0.12.1
2023-06-05 20:40:20,416:INFO:Engine successfully changes for model 'dbscan' to 'sklearn'.
2023-06-05 20:40:20,416:INFO:Soft dependency imported: kmodes: 0.12.1
2023-06-05 20:40:20,416:INFO:Soft dependency imported: kmodes: 0.12.1
2023-06-05 20:40:20,418:INFO:Preparing preprocessing pipeline...
2023-06-05 20:40:20,418:INFO:Set up simple imputation.
2023-06-05 20:40:20,419:INFO:Set up feature normalization.
2023-06-05 20:40:20,442:INFO:Finished creating preprocessing pipeline.
2023-06-05 20:40:20,447:INFO:Pipeline: Pipeline(memory=FastMemory(location=C:\Users\nieds\AppData\Local\Temp\joblib),
         steps=[('numerical_imputer',
                 TransformerWrapper(include=['theta_065'],
                                    transformer=SimpleImputer())),
                ('categorical_imputer',
                 TransformerWrapper(include=[],
                                    transformer=SimpleImputer(strategy='most_frequent'))),
                ('normalize',
                 TransformerWrapper(transformer=StandardScaler()))])
2023-06-05 20:40:20,448:INFO:Creating final display dataframe.
2023-06-05 20:40:20,469:INFO:Setup _display_container:                Description                 Value
0               Session id                  6980
1      Original data shape              (540, 1)
2   Transformed data shape              (540, 1)
3         Numeric features                     1
4               Preprocess                  True
5          Imputation type                simple
6       Numeric imputation                  mean
7   Categorical imputation                  mode
8                Normalize                  True
9         Normalize method                zscore
10                CPU Jobs                    -1
11                 Use GPU                 False
12          Log Experiment                 False
13         Experiment Name  cluster-default-name
14                     USI                  7faf
2023-06-05 20:40:20,477:INFO:Soft dependency imported: kmodes: 0.12.1
2023-06-05 20:40:20,478:INFO:Soft dependency imported: kmodes: 0.12.1
2023-06-05 20:40:20,478:INFO:setup() successfully completed in 0.25s...............
2023-06-05 20:40:20,479:INFO:Initializing create_model()
2023-06-05 20:40:20,479:INFO:create_model(self=<pycaret.clustering.oop.ClusteringExperiment object at 0x000002745C912DF0>, estimator=kmeans, num_clusters=4, fraction=0.05, ground_truth=None, round=4, fit_kwargs=None, experiment_custom_tags=None, verbose=True, system=True, add_to_model_list=True, raise_num_clusters=False, display=None, kwargs={})
2023-06-05 20:40:20,479:INFO:Checking exceptions
2023-06-05 20:40:20,538:INFO:Importing untrained model
2023-06-05 20:40:20,543:INFO:K-Means Clustering Imported successfully
2023-06-05 20:40:20,550:INFO:Fitting Model
2023-06-05 20:40:20,580:WARNING:c:\Users\nieds\anaconda3\envs\Pycaret\lib\site-packages\sklearn\cluster\_kmeans.py:870: FutureWarning: The default value of `n_init` will change from 10 to 'auto' in 1.4. Set the value of `n_init` explicitly to suppress the warning
  warnings.warn(

2023-06-05 20:40:20,627:INFO:KMeans(n_clusters=4, random_state=6980)
2023-06-05 20:40:20,627:INFO:create_models() successfully completed......................................
2023-06-05 20:40:20,633:INFO:Uploading results into container
2023-06-05 20:40:20,636:INFO:Uploading model into container now
2023-06-05 20:40:20,644:INFO:_master_model_container: 1
2023-06-05 20:40:20,644:INFO:_display_container: 2
2023-06-05 20:40:20,645:INFO:KMeans(n_clusters=4, random_state=6980)
2023-06-05 20:40:20,645:INFO:create_model() successfully completed......................................
2023-06-05 20:40:20,763:INFO:Initializing evaluate_model()
2023-06-05 20:40:20,764:INFO:evaluate_model(self=<pycaret.clustering.oop.ClusteringExperiment object at 0x000002745C912DF0>, estimator=KMeans(n_clusters=4, random_state=6980), fold=None, fit_kwargs=None, plot_kwargs=None, feature_name=None, groups=None, use_train_data=False)
2023-06-05 20:40:20,783:INFO:Initializing plot_model()
2023-06-05 20:40:20,783:INFO:plot_model(plot=pipeline, fold=None, use_train_data=False, verbose=False, display=None, display_format=None, estimator=KMeans(n_clusters=4, random_state=6980), feature_name=None, fit_kwargs={}, groups=None, label=False, plot_kwargs=None, save=False, scale=1, self=<pycaret.clustering.oop.ClusteringExperiment object at 0x000002745C912DF0>, system=True)
2023-06-05 20:40:20,783:INFO:Checking exceptions
2023-06-05 20:40:20,784:INFO:Preloading libraries
2023-06-05 20:40:20,786:INFO:Copying training dataset
2023-06-05 20:40:20,786:INFO:Plot type: pipeline
2023-06-05 20:40:20,927:INFO:Visual Rendered Successfully
2023-06-05 20:40:21,025:INFO:plot_model() successfully completed......................................
2023-06-05 20:40:21,027:INFO:Initializing plot_model()
2023-06-05 20:40:21,027:INFO:plot_model(plot=elbow, fold=None, use_train_data=False, verbose=True, display=None, display_format=None, estimator=KMeans(n_clusters=4, random_state=6980), feature_name=None, fit_kwargs=None, groups=None, label=False, plot_kwargs=None, save=True, scale=1, self=<pycaret.clustering.oop.ClusteringExperiment object at 0x000002745C912DF0>, system=True)
2023-06-05 20:40:21,028:INFO:Checking exceptions
2023-06-05 20:40:21,031:INFO:Preloading libraries
2023-06-05 20:40:21,031:INFO:Copying training dataset
2023-06-05 20:40:21,031:INFO:Plot type: elbow
2023-06-05 20:40:21,129:INFO:Fitting Model
2023-06-05 20:40:21,131:WARNING:c:\Users\nieds\anaconda3\envs\Pycaret\lib\site-packages\sklearn\cluster\_kmeans.py:870: FutureWarning: The default value of `n_init` will change from 10 to 'auto' in 1.4. Set the value of `n_init` explicitly to suppress the warning
  warnings.warn(

2023-06-05 20:40:21,152:WARNING:c:\Users\nieds\anaconda3\envs\Pycaret\lib\site-packages\sklearn\cluster\_kmeans.py:870: FutureWarning: The default value of `n_init` will change from 10 to 'auto' in 1.4. Set the value of `n_init` explicitly to suppress the warning
  warnings.warn(

2023-06-05 20:40:21,175:WARNING:c:\Users\nieds\anaconda3\envs\Pycaret\lib\site-packages\sklearn\cluster\_kmeans.py:870: FutureWarning: The default value of `n_init` will change from 10 to 'auto' in 1.4. Set the value of `n_init` explicitly to suppress the warning
  warnings.warn(

2023-06-05 20:40:21,206:WARNING:c:\Users\nieds\anaconda3\envs\Pycaret\lib\site-packages\sklearn\cluster\_kmeans.py:870: FutureWarning: The default value of `n_init` will change from 10 to 'auto' in 1.4. Set the value of `n_init` explicitly to suppress the warning
  warnings.warn(

2023-06-05 20:40:21,234:WARNING:c:\Users\nieds\anaconda3\envs\Pycaret\lib\site-packages\sklearn\cluster\_kmeans.py:870: FutureWarning: The default value of `n_init` will change from 10 to 'auto' in 1.4. Set the value of `n_init` explicitly to suppress the warning
  warnings.warn(

2023-06-05 20:40:21,270:WARNING:c:\Users\nieds\anaconda3\envs\Pycaret\lib\site-packages\sklearn\cluster\_kmeans.py:870: FutureWarning: The default value of `n_init` will change from 10 to 'auto' in 1.4. Set the value of `n_init` explicitly to suppress the warning
  warnings.warn(

2023-06-05 20:40:21,306:WARNING:c:\Users\nieds\anaconda3\envs\Pycaret\lib\site-packages\sklearn\cluster\_kmeans.py:870: FutureWarning: The default value of `n_init` will change from 10 to 'auto' in 1.4. Set the value of `n_init` explicitly to suppress the warning
  warnings.warn(

2023-06-05 20:40:21,344:WARNING:c:\Users\nieds\anaconda3\envs\Pycaret\lib\site-packages\sklearn\cluster\_kmeans.py:870: FutureWarning: The default value of `n_init` will change from 10 to 'auto' in 1.4. Set the value of `n_init` explicitly to suppress the warning
  warnings.warn(

2023-06-05 20:40:21,383:WARNING:c:\Users\nieds\anaconda3\envs\Pycaret\lib\site-packages\sklearn\cluster\_kmeans.py:870: FutureWarning: The default value of `n_init` will change from 10 to 'auto' in 1.4. Set the value of `n_init` explicitly to suppress the warning
  warnings.warn(

2023-06-05 20:40:21,440:INFO:Saving 'Elbow Plot.png'
2023-06-05 20:40:21,963:INFO:Visual Rendered Successfully
2023-06-05 20:40:22,040:INFO:plot_model() successfully completed......................................
2023-06-05 20:40:22,041:INFO:Initializing plot_model()
2023-06-05 20:40:22,041:INFO:plot_model(plot=silhouette, fold=None, use_train_data=False, verbose=True, display=None, display_format=None, estimator=KMeans(n_clusters=4, random_state=6980), feature_name=None, fit_kwargs=None, groups=None, label=False, plot_kwargs=None, save=True, scale=1, self=<pycaret.clustering.oop.ClusteringExperiment object at 0x000002745C912DF0>, system=True)
2023-06-05 20:40:22,041:INFO:Checking exceptions
2023-06-05 20:40:22,044:INFO:Preloading libraries
2023-06-05 20:40:22,044:INFO:Copying training dataset
2023-06-05 20:40:22,044:INFO:Plot type: silhouette
2023-06-05 20:40:22,060:INFO:Fitting Model
2023-06-05 20:40:22,060:WARNING:c:\Users\nieds\anaconda3\envs\Pycaret\lib\site-packages\sklearn\base.py:439: UserWarning: X does not have valid feature names, but KMeans was fitted with feature names
  warnings.warn(

2023-06-05 20:40:22,100:INFO:Saving 'Silhouette Plot.png'
2023-06-05 20:40:22,273:INFO:Visual Rendered Successfully
2023-06-05 20:40:22,351:INFO:plot_model() successfully completed......................................
2023-06-05 20:40:22,351:INFO:Initializing plot_model()
2023-06-05 20:40:22,351:INFO:plot_model(plot=distance, fold=None, use_train_data=False, verbose=True, display=None, display_format=None, estimator=KMeans(n_clusters=4, random_state=6980), feature_name=None, fit_kwargs=None, groups=None, label=False, plot_kwargs=None, save=True, scale=1, self=<pycaret.clustering.oop.ClusteringExperiment object at 0x000002745C912DF0>, system=True)
2023-06-05 20:40:22,351:INFO:Checking exceptions
2023-06-05 20:40:22,354:INFO:Preloading libraries
2023-06-05 20:40:22,354:INFO:Copying training dataset
2023-06-05 20:40:22,354:INFO:Plot type: distance
2023-06-05 20:40:22,395:INFO:Fitting Model
2023-06-05 20:40:22,395:WARNING:c:\Users\nieds\anaconda3\envs\Pycaret\lib\site-packages\sklearn\base.py:439: UserWarning: X does not have valid feature names, but KMeans was fitted with feature names
  warnings.warn(

2023-06-05 20:40:22,396:WARNING:c:\Users\nieds\anaconda3\envs\Pycaret\lib\site-packages\sklearn\manifold\_mds.py:299: FutureWarning: The default value of `normalized_stress` will change to `'auto'` in version 1.4. To suppress this warning, manually set the value of `normalized_stress`.
  warnings.warn(

2023-06-05 20:40:22,403:INFO:Saving 'Distance Plot.png'
2023-06-05 20:40:22,643:INFO:Visual Rendered Successfully
2023-06-05 20:40:22,715:INFO:plot_model() successfully completed......................................
2023-06-05 20:40:22,715:INFO:Initializing plot_model()
2023-06-05 20:40:22,715:INFO:plot_model(plot=distribution, fold=None, use_train_data=False, verbose=True, display=None, display_format=None, estimator=KMeans(n_clusters=4, random_state=6980), feature_name=None, fit_kwargs=None, groups=None, label=False, plot_kwargs=None, save=True, scale=1, self=<pycaret.clustering.oop.ClusteringExperiment object at 0x000002745C912DF0>, system=True)
2023-06-05 20:40:22,715:INFO:Checking exceptions
2023-06-05 20:40:22,718:INFO:Preloading libraries
2023-06-05 20:40:22,718:INFO:Copying training dataset
2023-06-05 20:40:22,718:INFO:Plot type: distribution
2023-06-05 20:40:22,719:INFO:SubProcess assign_model() called ==================================
2023-06-05 20:40:22,719:INFO:Initializing assign_model()
2023-06-05 20:40:22,719:INFO:assign_model(self=<pycaret.clustering.oop.ClusteringExperiment object at 0x000002745C912DF0>, model=KMeans(n_clusters=4, random_state=6980), transformation=False, score=True, verbose=False)
2023-06-05 20:40:22,719:INFO:Checking exceptions
2023-06-05 20:40:22,719:INFO:Determining Trained Model
2023-06-05 20:40:22,720:INFO:Trained Model : K-Means Clustering
2023-06-05 20:40:22,720:INFO:Copying data
2023-06-05 20:40:22,722:INFO:(540, 2)
2023-06-05 20:40:22,722:INFO:assign_model() successfully completed......................................
2023-06-05 20:40:22,722:INFO:SubProcess assign_model() end ==================================
2023-06-05 20:40:22,722:INFO:Sorting dataframe
2023-06-05 20:40:22,725:INFO:Rendering Visual
2023-06-05 20:40:23,164:INFO:Saving 'Distribution Plot.png'
2023-06-05 20:40:23,184:INFO:Visual Rendered Successfully
2023-06-05 20:40:23,270:INFO:plot_model() successfully completed......................................
2023-06-05 20:40:23,271:INFO:Initializing assign_model()
2023-06-05 20:40:23,271:INFO:assign_model(self=<pycaret.clustering.oop.ClusteringExperiment object at 0x000002745C912DF0>, model=KMeans(n_clusters=4, random_state=6980), transformation=False, score=True, verbose=True)
2023-06-05 20:40:23,271:INFO:Checking exceptions
2023-06-05 20:40:23,271:INFO:Determining Trained Model
2023-06-05 20:40:23,271:INFO:Trained Model : K-Means Clustering
2023-06-05 20:40:23,271:INFO:Copying data
2023-06-05 20:40:23,273:INFO:(540, 2)
2023-06-05 20:40:23,273:INFO:assign_model() successfully completed......................................
2023-06-05 20:40:24,780:INFO:Initializing plot_model()
2023-06-05 20:40:24,780:INFO:plot_model(plot=distribution, fold=None, use_train_data=False, verbose=False, display=None, display_format=None, estimator=KMeans(n_clusters=4, random_state=6980), feature_name=None, fit_kwargs={}, groups=None, label=False, plot_kwargs=None, save=False, scale=1, self=<pycaret.clustering.oop.ClusteringExperiment object at 0x000002745C912DF0>, system=True)
2023-06-05 20:40:24,780:INFO:Checking exceptions
2023-06-05 20:40:24,781:INFO:Preloading libraries
2023-06-05 20:40:24,781:INFO:Copying training dataset
2023-06-05 20:40:24,781:INFO:Plot type: distribution
2023-06-05 20:40:24,782:INFO:SubProcess assign_model() called ==================================
2023-06-05 20:40:24,782:INFO:Initializing assign_model()
2023-06-05 20:40:24,782:INFO:assign_model(self=<pycaret.clustering.oop.ClusteringExperiment object at 0x000002745C912DF0>, model=KMeans(n_clusters=4, random_state=6980), transformation=False, score=True, verbose=False)
2023-06-05 20:40:24,782:INFO:Checking exceptions
2023-06-05 20:40:24,782:INFO:Determining Trained Model
2023-06-05 20:40:24,782:INFO:Trained Model : K-Means Clustering
2023-06-05 20:40:24,782:INFO:Copying data
2023-06-05 20:40:24,784:INFO:(540, 2)
2023-06-05 20:40:24,785:INFO:assign_model() successfully completed......................................
2023-06-05 20:40:24,785:INFO:SubProcess assign_model() end ==================================
2023-06-05 20:40:24,785:INFO:Sorting dataframe
2023-06-05 20:40:24,788:INFO:Rendering Visual
2023-06-05 20:40:24,931:INFO:Visual Rendered Successfully
2023-06-05 20:40:25,010:INFO:plot_model() successfully completed......................................
